<?xml version="1.0" encoding="UTF-8"?>
<!-- Generated by org.testng.reporters.JUnitReportReporter -->
<testsuite hostname="Giridhars-MacBook-Pro.local" failures="0" tests="4" name="com.gt.tests.FilloTest" time="0.373" errors="0" timestamp="2021-01-01T19:51:10 GMT" skipped="0">
  <testcase classname="com.gt.tests.FilloTest" name="addData" time="0.225"/>
  <system-out/>
  <testcase classname="com.gt.tests.FilloTest" name="removeData" time="0.058"/>
  <system-out/>
  <testcase classname="com.gt.tests.FilloTest" name="writeData" time="0.049"/>
  <system-out/>
  <testcase classname="com.gt.tests.FilloTest" name="extractData" time="0.041"/>
  <system-out/>
</testsuite> <!-- com.gt.tests.FilloTest -->
