<?xml version="1.0" encoding="UTF-8"?>
<!-- Generated by org.testng.reporters.JUnitReportReporter -->
<testsuite hostname="Giridhars-MBP" failures="0" tests="1" name="com.gt.tests.FilloTest" time="0.230" errors="0" timestamp="2020-12-25T12:59:11 GMT" skipped="0">
  <testcase classname="com.gt.tests.FilloTest" name="removeData" time="0.230"/>
  <system-out/>
</testsuite> <!-- com.gt.tests.FilloTest -->
